\BOOKMARK [0][-]{chapter*.2}{Einleitung}{}% 1
\BOOKMARK [0][-]{chapter.1}{Titanwerkstoffe}{}% 2
\BOOKMARK [1][-]{section.1.1}{Gef\374gemerkmale}{chapter.1}% 3
\BOOKMARK [2][-]{subsection.1.1.1}{Alpha-Phase}{section.1.1}% 4
\BOOKMARK [2][-]{subsection.1.1.2}{Beta-Phase}{section.1.1}% 5
\BOOKMARK [1][-]{section.1.2}{Gef\374ge}{chapter.1}% 6
\BOOKMARK [2][-]{subsection.1.2.1}{Lamellar}{section.1.2}% 7
\BOOKMARK [2][-]{subsection.1.2.2}{Martensit}{section.1.2}% 8
\BOOKMARK [2][-]{subsection.1.2.3}{Globular}{section.1.2}% 9
\BOOKMARK [2][-]{subsection.1.2.4}{Bi-Modal}{section.1.2}% 10
\BOOKMARK [1][-]{section.1.3}{Legierungselemente}{chapter.1}% 11
\BOOKMARK [2][-]{subsection.1.3.1}{Neutrale Legierungselemente}{section.1.3}% 12
\BOOKMARK [2][-]{subsection.1.3.2}{Alpha stabilisierende Legierungselemente}{section.1.3}% 13
\BOOKMARK [2][-]{subsection.1.3.3}{Beta stabilisierende Legierungselemente}{section.1.3}% 14
\BOOKMARK [2][-]{subsection.1.3.4}{Diffusion von Legierungselementen}{section.1.3}% 15
\BOOKMARK [1][-]{section.1.4}{Intermetallische Verbindungen}{chapter.1}% 16
\BOOKMARK [2][-]{subsection.1.4.1}{Imtermetallische Alpha-Phase}{section.1.4}% 17
\BOOKMARK [2][-]{subsection.1.4.2}{Intermetallische Beta-Phasen}{section.1.4}% 18
\BOOKMARK [1][-]{section.1.5}{Ti-6Al-4V}{chapter.1}% 19
\BOOKMARK [2][-]{subsection.1.5.1}{Legierungselemente und Verwendung}{section.1.5}% 20
\BOOKMARK [2][-]{subsection.1.5.2}{Mechanische Eigenschaften}{section.1.5}% 21
\BOOKMARK [0][-]{chapter.2}{Methodik}{}% 22
\BOOKMARK [1][-]{section.2.1}{Intermetallische Verbindung}{chapter.2}% 23
\BOOKMARK [2][-]{subsection.2.1.1}{Alpha-Phasen}{section.2.1}% 24
\BOOKMARK [2][-]{subsection.2.1.2}{Beta-Phasen}{section.2.1}% 25
\BOOKMARK [1][-]{section.2.2}{Rasterelektronenmikroskopie}{chapter.2}% 26
\BOOKMARK [1][-]{section.2.3}{Energiedisperive R\366ntgenspektroskopie}{chapter.2}% 27
\BOOKMARK [1][-]{section.2.4}{W\344rmebehandlung}{chapter.2}% 28
\BOOKMARK [2][-]{subsection.2.4.1}{Temperaturkontrolle}{section.2.4}% 29
\BOOKMARK [2][-]{subsection.2.4.2}{Abk\374hlmedien}{section.2.4}% 30
\BOOKMARK [1][-]{section.2.5}{Anpassung der Gef\374ge durch W\344rmebehandlung}{chapter.2}% 31
\BOOKMARK [2][-]{subsection.2.5.1}{Lamellar}{section.2.5}% 32
\BOOKMARK [2][-]{subsection.2.5.2}{Martensit}{section.2.5}% 33
\BOOKMARK [2][-]{subsection.2.5.3}{Bi-Modal}{section.2.5}% 34
\BOOKMARK [2][-]{subsection.2.5.4}{Globular}{section.2.5}% 35
\BOOKMARK [1][-]{section.2.6}{Auswertung der Proben}{chapter.2}% 36
\BOOKMARK [2][-]{subsection.2.6.1}{Probenpr\344paration}{section.2.6}% 37
\BOOKMARK [2][-]{subsection.2.6.2}{H\344rtepr\374fverfahren nach Vickers}{section.2.6}% 38
\BOOKMARK [2][-]{subsection.2.6.3}{Ausz\344hlverfahren}{section.2.6}% 39
\BOOKMARK [2][-]{subsection.2.6.4}{Zugversuch}{section.2.6}% 40
\BOOKMARK [0][-]{chapter.3}{Ergebnisse der Arbeit}{}% 41
\BOOKMARK [1][-]{section.3.1}{Festigkeitssteigerung durch Martensitbildung}{chapter.3}% 42
\BOOKMARK [2][-]{subsection.3.1.1}{Abh\344ngigkeit des Prim\344r Alpha Anteils von der Gl\374htemperatur}{section.3.1}% 43
\BOOKMARK [2][-]{subsection.3.1.2}{Abh\344ngigkeit der H\344rte vom Prim\344r-Alpha-Anteil}{section.3.1}% 44
\BOOKMARK [2][-]{subsection.3.1.3}{Elementverteilung in den Phasen}{section.3.1}% 45
\BOOKMARK [2][-]{subsection.3.1.4}{Bewertung der Ergebnisse}{section.3.1}% 46
\BOOKMARK [1][-]{section.3.2}{Festigkeitssteigerung durch Zerfall des Vollmatensits}{chapter.3}% 47
\BOOKMARK [1][-]{section.3.3}{Festigkeitssteigerung durch Auslagern von Prim\344ralpha und Martensit}{chapter.3}% 48
\BOOKMARK [2][-]{subsection.3.3.1}{1. W\344rmebehandlung}{section.3.3}% 49
\BOOKMARK [2][-]{subsection.3.3.2}{Ergebnisse 1. W\344rmebehandlung}{section.3.3}% 50
\BOOKMARK [2][-]{subsection.3.3.3}{2. W\344rmebehandlung}{section.3.3}% 51
\BOOKMARK [2][-]{subsection.3.3.4}{Ergebnisse 2. W\344rmebehandlung}{section.3.3}% 52
\BOOKMARK [1][-]{section.3.4}{Ergebnisse des Zugversuches}{chapter.3}% 53
\BOOKMARK [2][-]{subsection.3.4.1}{Ausgew\344hlte W\344rmebehandlungen}{section.3.4}% 54
\BOOKMARK [2][-]{subsection.3.4.2}{Erwartungen}{section.3.4}% 55
\BOOKMARK [2][-]{subsection.3.4.3}{Ergebnisse}{section.3.4}% 56
\BOOKMARK [0][-]{chapter.4}{Festigkeitssteigernde Mechanismen}{}% 57
\BOOKMARK [1][-]{section.4.1}{Einfluss des Prim\344ralpha-Anteils}{chapter.4}% 58
\BOOKMARK [2][-]{subsection.4.1.1}{Abnahme der Zugfestigkeit des Vollmartensites gegen\374ber dem -'-Gef\374ge}{section.4.1}% 59
\BOOKMARK [1][-]{section.4.2}{Alterung des Martensits}{chapter.4}% 60
